mode: set
github.com/ethereum/go-ethereum/internal/genutils/repository/dto.go:27.41,39.2 1 0
github.com/ethereum/go-ethereum/internal/genutils/repository/dto.go:43.54,46.16 2 0
github.com/ethereum/go-ethereum/internal/genutils/repository/dto.go:46.16,48.3 1 0
github.com/ethereum/go-ethereum/internal/genutils/repository/dto.go:51.2,52.16 2 0
github.com/ethereum/go-ethereum/internal/genutils/repository/dto.go:52.16,54.3 1 0
github.com/ethereum/go-ethereum/internal/genutils/repository/dto.go:57.2,58.16 2 0
github.com/ethereum/go-ethereum/internal/genutils/repository/dto.go:58.16,60.3 1 0
github.com/ethereum/go-ethereum/internal/genutils/repository/dto.go:63.2,64.16 2 0
github.com/ethereum/go-ethereum/internal/genutils/repository/dto.go:64.16,66.3 1 0
github.com/ethereum/go-ethereum/internal/genutils/repository/dto.go:69.2,70.16 2 0
github.com/ethereum/go-ethereum/internal/genutils/repository/dto.go:70.16,72.3 1 0
github.com/ethereum/go-ethereum/internal/genutils/repository/dto.go:75.2,83.3 1 0
github.com/ethereum/go-ethereum/internal/genutils/repository/dto.go:87.62,89.43 1 0
github.com/ethereum/go-ethereum/internal/genutils/repository/dto.go:89.43,91.3 1 0
github.com/ethereum/go-ethereum/internal/genutils/repository/dto.go:94.2,95.16 2 0
github.com/ethereum/go-ethereum/internal/genutils/repository/dto.go:95.16,97.3 1 0
github.com/ethereum/go-ethereum/internal/genutils/repository/dto.go:100.2,100.38 1 0
github.com/ethereum/go-ethereum/internal/genutils/repository/dto.go:104.51,111.2 2 0
github.com/ethereum/go-ethereum/internal/genutils/repository/dto.go:114.55,121.51 3 0
github.com/ethereum/go-ethereum/internal/genutils/repository/dto.go:121.51,123.3 1 0
github.com/ethereum/go-ethereum/internal/genutils/repository/dto.go:124.2,124.12 1 0
github.com/ethereum/go-ethereum/internal/genutils/repository/file_repository.go:22.56,28.2 2 0
github.com/ethereum/go-ethereum/internal/genutils/repository/file_repository.go:32.57,35.16 2 0
github.com/ethereum/go-ethereum/internal/genutils/repository/file_repository.go:35.16,37.3 1 0
github.com/ethereum/go-ethereum/internal/genutils/repository/file_repository.go:38.2,38.12 1 0
github.com/ethereum/go-ethereum/internal/genutils/repository/file_repository.go:38.12,40.3 1 0
github.com/ethereum/go-ethereum/internal/genutils/repository/file_repository.go:43.2,46.58 2 0
github.com/ethereum/go-ethereum/internal/genutils/repository/file_repository.go:46.58,48.3 1 0
github.com/ethereum/go-ethereum/internal/genutils/repository/file_repository.go:50.2,50.12 1 0
github.com/ethereum/go-ethereum/internal/genutils/repository/file_repository.go:55.60,58.16 2 0
github.com/ethereum/go-ethereum/internal/genutils/repository/file_repository.go:58.16,59.25 1 0
github.com/ethereum/go-ethereum/internal/genutils/repository/file_repository.go:59.25,61.4 1 0
github.com/ethereum/go-ethereum/internal/genutils/repository/file_repository.go:62.3,62.62 1 0
github.com/ethereum/go-ethereum/internal/genutils/repository/file_repository.go:66.2,67.32 2 0
github.com/ethereum/go-ethereum/internal/genutils/repository/file_repository.go:67.32,68.20 1 0
github.com/ethereum/go-ethereum/internal/genutils/repository/file_repository.go:68.20,69.12 1 0
github.com/ethereum/go-ethereum/internal/genutils/repository/file_repository.go:73.3,73.94 1 0
github.com/ethereum/go-ethereum/internal/genutils/repository/file_repository.go:73.94,74.12 1 0
github.com/ethereum/go-ethereum/internal/genutils/repository/file_repository.go:77.3,79.17 3 0
github.com/ethereum/go-ethereum/internal/genutils/repository/file_repository.go:79.17,81.4 1 0
github.com/ethereum/go-ethereum/internal/genutils/repository/file_repository.go:83.3,83.33 1 0
github.com/ethereum/go-ethereum/internal/genutils/repository/file_repository.go:86.2,86.20 1 0
github.com/ethereum/go-ethereum/internal/genutils/repository/file_repository.go:91.97,94.16 2 0
github.com/ethereum/go-ethereum/internal/genutils/repository/file_repository.go:94.16,96.3 1 0
github.com/ethereum/go-ethereum/internal/genutils/repository/file_repository.go:97.2,97.13 1 0
github.com/ethereum/go-ethereum/internal/genutils/repository/file_repository.go:97.13,99.3 1 0
github.com/ethereum/go-ethereum/internal/genutils/repository/file_repository.go:102.2,104.16 3 0
github.com/ethereum/go-ethereum/internal/genutils/repository/file_repository.go:104.16,106.3 1 0
github.com/ethereum/go-ethereum/internal/genutils/repository/file_repository.go:108.2,108.19 1 0
github.com/ethereum/go-ethereum/internal/genutils/repository/file_repository.go:112.80,115.16 3 0
github.com/ethereum/go-ethereum/internal/genutils/repository/file_repository.go:115.16,116.25 1 0
github.com/ethereum/go-ethereum/internal/genutils/repository/file_repository.go:116.25,118.4 1 0
github.com/ethereum/go-ethereum/internal/genutils/repository/file_repository.go:119.3,119.60 1 0
github.com/ethereum/go-ethereum/internal/genutils/repository/file_repository.go:121.2,121.18 1 0
github.com/ethereum/go-ethereum/internal/genutils/repository/file_repository.go:126.72,129.16 2 0
github.com/ethereum/go-ethereum/internal/genutils/repository/file_repository.go:129.16,131.3 1 0
github.com/ethereum/go-ethereum/internal/genutils/repository/file_repository.go:132.2,132.13 1 0
github.com/ethereum/go-ethereum/internal/genutils/repository/file_repository.go:132.13,134.3 1 0
github.com/ethereum/go-ethereum/internal/genutils/repository/file_repository.go:137.2,138.44 2 0
github.com/ethereum/go-ethereum/internal/genutils/repository/file_repository.go:138.44,140.3 1 0
github.com/ethereum/go-ethereum/internal/genutils/repository/file_repository.go:142.2,142.12 1 0
github.com/ethereum/go-ethereum/internal/genutils/repository/file_repository.go:146.47,148.16 2 0
github.com/ethereum/go-ethereum/internal/genutils/repository/file_repository.go:148.16,150.3 1 0
github.com/ethereum/go-ethereum/internal/genutils/repository/file_repository.go:151.2,151.25 1 0
github.com/ethereum/go-ethereum/internal/genutils/repository/file_repository.go:156.69,160.45 2 0
github.com/ethereum/go-ethereum/internal/genutils/repository/file_repository.go:160.45,162.3 1 0
github.com/ethereum/go-ethereum/internal/genutils/repository/file_repository.go:163.2,164.43 2 0
github.com/ethereum/go-ethereum/internal/genutils/repository/file_repository.go:168.79,171.16 2 0
github.com/ethereum/go-ethereum/internal/genutils/repository/file_repository.go:171.16,173.3 1 0
github.com/ethereum/go-ethereum/internal/genutils/repository/file_repository.go:176.2,177.51 2 0
github.com/ethereum/go-ethereum/internal/genutils/repository/file_repository.go:177.51,179.3 1 0
github.com/ethereum/go-ethereum/internal/genutils/repository/file_repository.go:182.2,183.16 2 0
github.com/ethereum/go-ethereum/internal/genutils/repository/file_repository.go:183.16,185.3 1 0
github.com/ethereum/go-ethereum/internal/genutils/repository/file_repository.go:187.2,187.19 1 0
github.com/ethereum/go-ethereum/internal/genutils/repository/file_repository.go:192.84,198.16 3 0
github.com/ethereum/go-ethereum/internal/genutils/repository/file_repository.go:198.16,200.3 1 0
github.com/ethereum/go-ethereum/internal/genutils/repository/file_repository.go:203.2,204.59 2 0
github.com/ethereum/go-ethereum/internal/genutils/repository/file_repository.go:204.59,206.3 1 0
github.com/ethereum/go-ethereum/internal/genutils/repository/file_repository.go:209.2,209.54 1 0
github.com/ethereum/go-ethereum/internal/genutils/repository/file_repository.go:209.54,213.3 2 0
github.com/ethereum/go-ethereum/internal/genutils/repository/file_repository.go:215.2,215.12 1 0
github.com/ethereum/go-ethereum/internal/genutils/repository/memory_repository.go:19.46,23.2 1 1
github.com/ethereum/go-ethereum/internal/genutils/repository/memory_repository.go:28.59,36.40 4 1
github.com/ethereum/go-ethereum/internal/genutils/repository/memory_repository.go:36.40,38.3 1 1
github.com/ethereum/go-ethereum/internal/genutils/repository/memory_repository.go:41.2,42.12 2 1
github.com/ethereum/go-ethereum/internal/genutils/repository/memory_repository.go:48.62,54.33 4 1
github.com/ethereum/go-ethereum/internal/genutils/repository/memory_repository.go:54.33,56.3 1 1
github.com/ethereum/go-ethereum/internal/genutils/repository/memory_repository.go:58.2,58.20 1 1
github.com/ethereum/go-ethereum/internal/genutils/repository/memory_repository.go:64.99,71.13 5 1
github.com/ethereum/go-ethereum/internal/genutils/repository/memory_repository.go:71.13,73.3 1 1
github.com/ethereum/go-ethereum/internal/genutils/repository/memory_repository.go:75.2,75.19 1 1
github.com/ethereum/go-ethereum/internal/genutils/repository/memory_repository.go:80.82,87.2 5 1
github.com/ethereum/go-ethereum/internal/genutils/repository/memory_repository.go:92.74,98.41 4 1
github.com/ethereum/go-ethereum/internal/genutils/repository/memory_repository.go:98.41,100.3 1 1
github.com/ethereum/go-ethereum/internal/genutils/repository/memory_repository.go:102.2,103.12 2 1
github.com/ethereum/go-ethereum/internal/genutils/repository/memory_repository.go:108.49,113.2 3 1
github.com/ethereum/go-ethereum/internal/genutils/repository/memory_repository.go:117.66,119.2 1 1
